TN:
SF:dist/db.js
FN:2,(anonymous_0)
FN:3,adopt
FN:3,(anonymous_2)
FN:4,(anonymous_3)
FN:5,fulfilled
FN:6,rejected
FN:7,step
FN:11,(anonymous_7)
FN:21,connectToDatabase
FN:22,(anonymous_9)
FNF:10
FNH:8
FNDA:1,(anonymous_0)
FNDA:1,adopt
FNDA:0,(anonymous_2)
FNDA:1,(anonymous_3)
FNDA:0,fulfilled
FNDA:1,rejected
FNDA:1,step
FNDA:2,(anonymous_7)
FNDA:1,connectToDatabase
FNDA:1,(anonymous_9)
DA:2,1
DA:3,1
DA:4,1
DA:5,0
DA:6,1
DA:7,1
DA:8,1
DA:11,1
DA:12,2
DA:14,1
DA:15,1
DA:17,1
DA:18,1
DA:19,1
DA:20,1
DA:22,1
DA:23,1
LF:17
LH:16
BRDA:2,0,0,1
BRDA:2,0,1,0
BRDA:2,0,2,1
BRDA:3,1,0,1
BRDA:3,1,1,0
BRDA:4,2,0,1
BRDA:4,2,1,1
BRDA:7,3,0,0
BRDA:7,3,1,1
BRDA:8,4,0,1
BRDA:8,4,1,1
BRDA:11,5,0,1
BRDA:11,5,1,0
BRDA:11,5,2,1
BRDA:12,6,0,0
BRDA:12,6,1,2
BRDA:12,7,0,2
BRDA:12,7,1,2
BRF:18
BRH:13
end_of_record
TN:
SF:dist/index.js
FN:2,(anonymous_0)
FN:6,(anonymous_1)
FN:9,(anonymous_2)
FN:13,(anonymous_3)
FN:15,(anonymous_4)
FN:18,(anonymous_5)
FN:25,(anonymous_6)
FN:26,adopt
FN:26,(anonymous_8)
FN:27,(anonymous_9)
FN:28,fulfilled
FN:29,rejected
FN:30,step
FN:34,(anonymous_13)
FN:60,(anonymous_14)
FN:63,(anonymous_15)
FN:63,(anonymous_16)
FN:142,(anonymous_17)
FN:142,(anonymous_18)
FN:167,sendEmail
FN:168,(anonymous_20)
FN:202,isValidEmail
FNF:22
FNH:13
FNDA:7,(anonymous_0)
FNDA:1,(anonymous_1)
FNDA:0,(anonymous_2)
FNDA:1,(anonymous_3)
FNDA:0,(anonymous_4)
FNDA:1,(anonymous_5)
FNDA:1,(anonymous_6)
FNDA:1,adopt
FNDA:0,(anonymous_8)
FNDA:1,(anonymous_9)
FNDA:1,fulfilled
FNDA:0,rejected
FNDA:2,step
FNDA:3,(anonymous_13)
FNDA:0,(anonymous_14)
FNDA:1,(anonymous_15)
FNDA:1,(anonymous_16)
FNDA:0,(anonymous_17)
FNDA:0,(anonymous_18)
FNDA:0,sendEmail
FNDA:0,(anonymous_20)
FNDA:1,isValidEmail
DA:2,1
DA:3,7
DA:4,7
DA:5,7
DA:6,7
DA:8,7
DA:10,0
DA:11,0
DA:13,1
DA:14,1
DA:16,0
DA:18,1
DA:19,1
DA:20,1
DA:21,7
DA:22,1
DA:23,1
DA:25,1
DA:26,1
DA:27,1
DA:28,1
DA:29,0
DA:30,2
DA:31,1
DA:34,1
DA:35,3
DA:37,1
DA:38,1
DA:39,1
DA:40,1
DA:41,1
DA:42,1
DA:43,1
DA:44,1
DA:45,1
DA:46,1
DA:47,1
DA:48,1
DA:49,1
DA:53,1
DA:59,1
DA:60,1
DA:61,0
DA:63,1
DA:65,1
DA:66,1
DA:69,0
DA:73,0
DA:76,1
DA:77,0
DA:81,0
DA:83,1
DA:84,1
DA:86,1
DA:90,1
DA:93,0
DA:95,0
DA:96,0
DA:97,0
DA:99,0
DA:100,0
DA:102,0
DA:109,0
DA:117,0
DA:122,0
DA:125,0
DA:127,0
DA:131,0
DA:135,0
DA:139,0
DA:142,1
DA:144,0
DA:145,0
DA:148,0
DA:152,0
DA:154,0
DA:155,0
DA:156,0
DA:160,0
DA:162,0
DA:168,0
DA:169,0
DA:170,0
DA:197,0
DA:199,0
DA:203,1
DA:204,1
DA:206,1
DA:207,1
DA:208,1
LF:90
LH:52
BRDA:2,0,0,1
BRDA:2,0,1,0
BRDA:2,0,2,1
BRDA:2,1,0,1
BRDA:2,1,1,0
BRDA:3,2,0,7
BRDA:3,2,1,0
BRDA:5,3,0,7
BRDA:5,3,1,0
BRDA:5,4,0,7
BRDA:5,4,1,7
BRDA:5,5,0,0
BRDA:5,5,1,7
BRDA:5,6,0,7
BRDA:5,6,1,0
BRDA:10,7,0,0
BRDA:10,7,1,0
BRDA:13,8,0,1
BRDA:13,8,1,0
BRDA:13,8,2,1
BRDA:13,9,0,1
BRDA:13,9,1,0
BRDA:18,10,0,1
BRDA:18,10,1,0
BRDA:18,10,2,1
BRDA:19,11,0,0
BRDA:19,11,1,1
BRDA:19,12,0,1
BRDA:19,12,1,1
BRDA:21,13,0,1
BRDA:21,13,1,0
BRDA:21,14,0,7
BRDA:21,14,1,0
BRDA:21,15,0,7
BRDA:21,15,1,7
BRDA:25,16,0,1
BRDA:25,16,1,0
BRDA:25,16,2,1
BRDA:26,17,0,1
BRDA:26,17,1,0
BRDA:27,18,0,1
BRDA:27,18,1,1
BRDA:30,19,0,1
BRDA:30,19,1,1
BRDA:31,20,0,1
BRDA:31,20,1,1
BRDA:34,21,0,1
BRDA:34,21,1,0
BRDA:34,21,2,1
BRDA:35,22,0,0
BRDA:35,22,1,3
BRDA:35,23,0,3
BRDA:35,23,1,3
BRDA:76,24,0,0
BRDA:76,24,1,1
BRDA:84,25,0,1
BRDA:84,25,1,0
BRDA:93,26,0,0
BRDA:93,26,1,0
BRDA:97,27,0,0
BRDA:97,27,1,0
BRDA:100,28,0,0
BRDA:100,28,1,0
BRDA:125,29,0,0
BRDA:125,29,1,0
BRDA:155,30,0,0
BRDA:155,30,1,0
BRF:67
BRH:37
end_of_record
TN:
SF:dist/subService.js
FN:2,(anonymous_0)
FN:3,adopt
FN:3,(anonymous_2)
FN:4,(anonymous_3)
FN:5,fulfilled
FN:6,rejected
FN:7,step
FN:19,getSubByEmail
FN:20,(anonymous_8)
FN:24,deleteSubByEmail
FN:25,(anonymous_10)
FN:34,updateSubByEmail
FN:35,(anonymous_12)
FN:50,createToken
FN:51,(anonymous_14)
FNF:15
FNH:7
FNDA:1,(anonymous_0)
FNDA:1,adopt
FNDA:0,(anonymous_2)
FNDA:1,(anonymous_3)
FNDA:1,fulfilled
FNDA:0,rejected
FNDA:2,step
FNDA:1,getSubByEmail
FNDA:1,(anonymous_8)
FNDA:0,deleteSubByEmail
FNDA:0,(anonymous_10)
FNDA:0,updateSubByEmail
FNDA:0,(anonymous_12)
FNDA:0,createToken
FNDA:0,(anonymous_14)
DA:2,1
DA:3,1
DA:4,1
DA:5,1
DA:6,0
DA:7,2
DA:8,1
DA:11,1
DA:12,1
DA:13,1
DA:14,1
DA:16,1
DA:17,1
DA:18,1
DA:20,1
DA:21,1
DA:25,0
DA:26,0
DA:27,0
DA:28,0
DA:30,0
DA:31,0
DA:35,0
DA:37,0
DA:39,0
DA:43,0
DA:44,0
DA:46,0
DA:47,0
DA:51,0
DA:52,0
DA:53,0
DA:58,0
LF:33
LH:15
BRDA:2,0,0,1
BRDA:2,0,1,0
BRDA:2,0,2,1
BRDA:3,1,0,1
BRDA:3,1,1,0
BRDA:4,2,0,1
BRDA:4,2,1,1
BRDA:7,3,0,1
BRDA:7,3,1,1
BRDA:8,4,0,1
BRDA:8,4,1,1
BRDA:27,5,0,0
BRDA:27,5,1,0
BRDA:37,6,0,0
BRDA:37,6,1,0
BRF:15
BRH:9
end_of_record
